Release 13.4 - ngc2edif O.87xd (nt64)
Copyright (c) 1995-2011 Xilinx, Inc.  All rights reserved.
Reading design alu.ngc ...
WARNING:NetListWriters:298 - No output is written to alu.xncf, ignored.
Processing design ...
   Preping design's networks ...
   Preping design's macros ...
WARNING:NetListWriters:306 - Signal bus result_mult0000<31 : 0> on block alu is
   not reconstructed, because there are some missing bus signals.
WARNING:NetListWriters:306 - Signal bus result_mux0007<14 : 0> on block alu is
   not reconstructed, because there are some missing bus signals.
  finished :Prep
Writing EDIF netlist file alu.edif ...
ngc2edif: Total memory usage is 78880 kilobytes

Release 13.4 - ngc2edif O.87xd (nt64)
Copyright (c) 1995-2011 Xilinx, Inc.  All rights reserved.
Reading design alu.ngc ...
WARNING:NetListWriters:298 - No output is written to alu.xncf, ignored.
Processing design ...
   Preping design's networks ...
   Preping design's macros ...
WARNING:NetListWriters:306 - Signal bus result_mult0000<31 : 0> on block alu is
   not reconstructed, because there are some missing bus signals.
WARNING:NetListWriters:306 - Signal bus result_mux0007<14 : 0> on block alu is
   not reconstructed, because there are some missing bus signals.
  finished :Prep
Writing EDIF netlist file alu.edif ...
ngc2edif: Total memory usage is 78752 kilobytes

Release 13.4 - ngc2edif O.87xd (nt64)
Copyright (c) 1995-2011 Xilinx, Inc.  All rights reserved.
Reading design alu.ngc ...
WARNING:NetListWriters:298 - No output is written to alu.xncf, ignored.
Processing design ...
   Preping design's networks ...
   Preping design's macros ...
WARNING:NetListWriters:306 - Signal bus result_mult0000<31 : 0> on block alu is
   not reconstructed, because there are some missing bus signals.
WARNING:NetListWriters:306 - Signal bus result_mux0007<14 : 0> on block alu is
   not reconstructed, because there are some missing bus signals.
  finished :Prep
Writing EDIF netlist file alu.edif ...
ngc2edif: Total memory usage is 78560 kilobytes

Release 13.4 - ngc2edif O.87xd (nt64)
Copyright (c) 1995-2011 Xilinx, Inc.  All rights reserved.
Reading design processor.ngc ...
WARNING:NetListWriters:298 - No output is written to processor.xncf, ignored.
Processing design ...
   Preping design's networks ...
   Preping design's macros ...
  finished :Prep
Writing EDIF netlist file processor.edif ...
ngc2edif: Total memory usage is 80088 kilobytes

Release 13.4 - ngc2edif O.87xd (nt64)
Copyright (c) 1995-2011 Xilinx, Inc.  All rights reserved.
Reading design motherboard.ngc ...
WARNING:NetListWriters:298 - No output is written to motherboard.xncf, ignored.
Processing design ...
   Preping design's networks ...
   Preping design's macros ...
  finished :Prep
Writing EDIF netlist file motherboard.edif ...
ngc2edif: Total memory usage is 80216 kilobytes

